\BOOKMARK [-1][-]{part.1}{I Preface}{}% 1
\BOOKMARK [0][-]{section*.7}{Pr\351cis}{part.1}% 2
\BOOKMARK [1][-]{section*.8}{Prologue}{section*.7}% 3
\BOOKMARK [0][-]{chapter.1}{Introduction}{part.1}% 4
\BOOKMARK [1][-]{section.1.1}{Quantum degenerate gases}{chapter.1}% 5
\BOOKMARK [2][-]{subsection.1.1.1}{The fruits of one century}{section.1.1}% 6
\BOOKMARK [2][-]{subsection.1.1.2}{Theory of degenerate Bose gases}{section.1.1}% 7
\BOOKMARK [2][-]{subsection.1.1.3}{Distilling coherence}{section.1.1}% 8
\BOOKMARK [1][-]{section.1.2}{Metastable helium}{chapter.1}% 9
\BOOKMARK [2][-]{subsection.1.2.1}{Peculiarities of helium}{section.1.2}% 10
\BOOKMARK [2][-]{subsection.1.2.2}{Vaccum chamber}{section.1.2}% 11
\BOOKMARK [2][-]{subsection.1.2.3}{Diagnostics and control}{section.1.2}% 12
\BOOKMARK [2][-]{subsection.1.2.4}{Laser systems}{section.1.2}% 13
\BOOKMARK [1][-]{section.1.3}{Diagnostics \046 detection}{chapter.1}% 14
\BOOKMARK [-1][-]{part.2}{II Metrology}{}% 15
\BOOKMARK [0][-]{chapter.2}{Concepts in precision atomic spectroscopy}{part.2}% 16
\BOOKMARK [1][-]{section.2.1}{Light and matter}{chapter.2}% 17
\BOOKMARK [1][-]{section.2.2}{Trends in Helium spectroscopy}{chapter.2}% 18
\BOOKMARK [0][-]{chapter.3}{Measurement of excited-state and forbidden transitions in 4He}{part.2}% 19
\BOOKMARK [1][-]{section.3.1}{Measurement of five 23P25L transition energies}{chapter.3}% 20
\BOOKMARK [2][-]{subsection.3.1.1}{Tests of fundamental physics with helium spectroscopy}{section.3.1}% 21
\BOOKMARK [2][-]{subsection.3.1.2}{Detection scheme}{section.3.1}% 22
\BOOKMARK [2][-]{subsection.3.1.3}{Findings}{section.3.1}% 23
\BOOKMARK [2][-]{subsection.3.1.4}{Determination of transition energies}{section.3.1}% 24
\BOOKMARK [1][-]{section.3.2}{Detection of the forbidden 23S133S1 transition}{chapter.3}% 25
\BOOKMARK [2][-]{subsection.3.2.1}{Proof-of-feasibility calculation}{section.3.2}% 26
\BOOKMARK [2][-]{subsection.3.2.2}{Two detection methods}{section.3.2}% 27
\BOOKMARK [2][-]{subsection.3.2.3}{Findings}{section.3.2}% 28
\BOOKMARK [0][-]{chapter.4}{Determination of the 23S1 23P/23P tune-out wavelength}{part.2}% 29
\BOOKMARK [1][-]{section.4.1}{Magic Zero}{chapter.4}% 30
\BOOKMARK [1][-]{section.4.2}{Measurement technique}{chapter.4}% 31
\BOOKMARK [2][-]{subsection.4.2.1}{Model of mechanism}{section.4.2}% 32
\BOOKMARK [2][-]{subsection.4.2.2}{Experimental implementation}{section.4.2}% 33
\BOOKMARK [2][-]{subsection.4.2.3}{Data processing}{section.4.2}% 34
\BOOKMARK [1][-]{section.4.3}{Findings}{chapter.4}% 35
\BOOKMARK [2][-]{subsection.4.3.1}{Error budget}{section.4.3}% 36
\BOOKMARK [2][-]{subsection.4.3.2}{Results}{section.4.3}% 37
\BOOKMARK [-1][-]{part*.34}{Inflection point}{}% 38
\BOOKMARK [-1][-]{part.3}{III Many-body physics}{}% 39
\BOOKMARK [0][-]{chapter.5}{Quantum depletion of a harmonically trapped Bose gas}{part.3}% 40
\BOOKMARK [1][-]{section.5.1}{Introduction}{chapter.5}% 41
\BOOKMARK [1][-]{section.5.2}{Physics of the condensed state}{chapter.5}% 42
\BOOKMARK [2][-]{subsection.5.2.1}{Properties of degenerate bose gases}{section.5.2}% 43
\BOOKMARK [2][-]{subsection.5.2.2}{Bogoliubov theory and superfluidity}{section.5.2}% 44
\BOOKMARK [2][-]{subsection.5.2.3}{Quantum depletion in degenerate gases}{section.5.2}% 45
\BOOKMARK [1][-]{section.5.3}{Methods}{chapter.5}% 46
\BOOKMARK [2][-]{subsection.5.3.1}{Data collection protocol/timestamping classification etc}{section.5.3}% 47
\BOOKMARK [2][-]{subsection.5.3.2}{Detection of ultradilute momentum spectra}{section.5.3}% 48
\BOOKMARK [1][-]{section.5.4}{Determination of the Tan constant}{chapter.5}% 49
\BOOKMARK [2][-]{subsection.5.4.1}{Verifying the method}{section.5.4}% 50
\BOOKMARK [1][-]{section.5.5}{Discussion}{chapter.5}% 51
\BOOKMARK [2][-]{subsection.5.5.1}{Findings}{section.5.5}% 52
\BOOKMARK [2][-]{subsection.5.5.2}{Future work}{section.5.5}% 53
\BOOKMARK [0][-]{chapter.6}{Towards an optical lattice for quantum simulation}{part.3}% 54
\BOOKMARK [1][-]{section.6.1}{Quantum \040Complexity}{chapter.6}% 55
\BOOKMARK [1][-]{section.6.2}{Optical lattices}{chapter.6}% 56
\BOOKMARK [1][-]{section.6.3}{A lattice for helium}{chapter.6}% 57
\BOOKMARK [2][-]{subsection.6.3.1}{Opportunity}{section.6.3}% 58
\BOOKMARK [2][-]{subsection.6.3.2}{Progress}{section.6.3}% 59
\BOOKMARK [2][-]{subsection.6.3.3}{Legacy}{section.6.3}% 60
\BOOKMARK [0][-]{chapter*.53}{Epilogue}{part.3}% 61
\BOOKMARK [1][-]{section*.54}{Synthesis}{chapter*.53}% 62
\BOOKMARK [1][-]{section*.55}{Outlook}{chapter*.53}% 63
\BOOKMARK [1][-]{section*.56}{Afterword}{chapter*.53}% 64
\BOOKMARK [1][-]{section*.57}{Gratitude}{chapter*.53}% 65
