This is pdfTeX, Version 3.14159265-2.6-1.40.21 (MiKTeX 2.9.7300 64-bit) (preloaded format=pdflatex 2020.5.4)  23 JUN 2020 09:55
entering extended mode
**./main.tex
(main.tex
LaTeX2e <2020-02-02> patch level 5
L3 programming layer <2020-02-25>
("C:\Users\jaker\AppData\Local\Programs\MiKTeX 2.9\tex/latex/base\book.cls"
Document Class: book 2019/12/20 v1.4l Standard LaTeX document class
("C:\Users\jaker\AppData\Local\Programs\MiKTeX 2.9\tex/latex/base\bk10.clo"
File: bk10.clo 2019/12/20 v1.4l Standard LaTeX file (size option)
)
\c@part=\count167
\c@chapter=\count168
\c@section=\count169
\c@subsection=\count170
\c@subsubsection=\count171
\c@paragraph=\count172
\c@subparagraph=\count173
\c@figure=\count174
\c@table=\count175
\abovecaptionskip=\skip47
\belowcaptionskip=\skip48
\bibindent=\dimen134
)
(thesis_style.sty
Package: thesis_style 

("C:\Users\jaker\AppData\Local\Programs\MiKTeX 2.9\tex/latex/graphics\graphicx.
sty"
Package: graphicx 2019/11/30 v1.2a Enhanced LaTeX Graphics (DPC,SPQR)

("C:\Users\jaker\AppData\Local\Programs\MiKTeX 2.9\tex/latex/graphics\keyval.st
y"
Package: keyval 2014/10/28 v1.15 key=value parser (DPC)
\KV@toks@=\toks15
)
("C:\Users\jaker\AppData\Local\Programs\MiKTeX 2.9\tex/latex/graphics\graphics.
sty"
Package: graphics 2019/11/30 v1.4a Standard LaTeX Graphics (DPC,SPQR)

("C:\Users\jaker\AppData\Local\Programs\MiKTeX 2.9\tex/latex/graphics\trig.sty"
Package: trig 2016/01/03 v1.10 sin cos tan (DPC)
)
("C:\Users\jaker\AppData\Local\Programs\MiKTeX 2.9\tex/latex/graphics-cfg\graph
ics.cfg"
File: graphics.cfg 2016/06/04 v1.11 sample graphics configuration
)
Package graphics Info: Driver file: pdftex.def on input line 105.

("C:\Users\jaker\AppData\Local\Programs\MiKTeX 2.9\tex/latex/graphics-def\pdfte
x.def"
File: pdftex.def 2018/01/08 v1.0l Graphics/color driver for pdftex
))
\Gin@req@height=\dimen135
\Gin@req@width=\dimen136
)
("C:\Users\jaker\AppData\Local\Programs\MiKTeX 2.9\tex/latex/xcolor\xcolor.sty"
Package: xcolor 2016/05/11 v2.12 LaTeX color extensions (UK)

("C:\Users\jaker\AppData\Local\Programs\MiKTeX 2.9\tex/latex/graphics-cfg\color
.cfg"
File: color.cfg 2016/01/02 v1.6 sample color configuration
)
Package xcolor Info: Driver file: pdftex.def on input line 225.
Package xcolor Info: Model `cmy' substituted by `cmy0' on input line 1348.
Package xcolor Info: Model `hsb' substituted by `rgb' on input line 1352.
Package xcolor Info: Model `RGB' extended on input line 1364.
Package xcolor Info: Model `HTML' substituted by `rgb' on input line 1366.
Package xcolor Info: Model `Hsb' substituted by `hsb' on input line 1367.
Package xcolor Info: Model `tHsb' substituted by `hsb' on input line 1368.
Package xcolor Info: Model `HSB' substituted by `hsb' on input line 1369.
Package xcolor Info: Model `Gray' substituted by `gray' on input line 1370.
Package xcolor Info: Model `wave' substituted by `hsb' on input line 1371.
)
("C:\Users\jaker\AppData\Local\Programs\MiKTeX 2.9\tex/latex/amsmath\amsmath.st
y"
Package: amsmath 2020/01/20 v2.17e AMS math features
\@mathmargin=\skip49

For additional information on amsmath, use the `?' option.

("C:\Users\jaker\AppData\Local\Programs\MiKTeX 2.9\tex/latex/amsmath\amstext.st
y"
Package: amstext 2000/06/29 v2.01 AMS text

("C:\Users\jaker\AppData\Local\Programs\MiKTeX 2.9\tex/latex/amsmath\amsgen.sty
"
File: amsgen.sty 1999/11/30 v2.0 generic functions
\@emptytoks=\toks16
\ex@=\dimen137
))
("C:\Users\jaker\AppData\Local\Programs\MiKTeX 2.9\tex/latex/amsmath\amsbsy.sty
"
Package: amsbsy 1999/11/29 v1.2d Bold Symbols
\pmbraise@=\dimen138
)
("C:\Users\jaker\AppData\Local\Programs\MiKTeX 2.9\tex/latex/amsmath\amsopn.sty
"
Package: amsopn 2016/03/08 v2.02 operator names
)
\inf@bad=\count176
LaTeX Info: Redefining \frac on input line 227.
\uproot@=\count177
\leftroot@=\count178
LaTeX Info: Redefining \overline on input line 389.
\classnum@=\count179
\DOTSCASE@=\count180
LaTeX Info: Redefining \ldots on input line 486.
LaTeX Info: Redefining \dots on input line 489.
LaTeX Info: Redefining \cdots on input line 610.
\Mathstrutbox@=\box45
\strutbox@=\box46
\big@size=\dimen139
LaTeX Font Info:    Redeclaring font encoding OML on input line 733.
LaTeX Font Info:    Redeclaring font encoding OMS on input line 734.
\macc@depth=\count181
\c@MaxMatrixCols=\count182
\dotsspace@=\muskip16
\c@parentequation=\count183
\dspbrk@lvl=\count184
\tag@help=\toks17
\row@=\count185
\column@=\count186
\maxfields@=\count187
\andhelp@=\toks18
\eqnshift@=\dimen140
\alignsep@=\dimen141
\tagshift@=\dimen142
\tagwidth@=\dimen143
\totwidth@=\dimen144
\lineht@=\dimen145
\@envbody=\toks19
\multlinegap=\skip50
\multlinetaggap=\skip51
\mathdisplay@stack=\toks20
LaTeX Info: Redefining \[ on input line 2859.
LaTeX Info: Redefining \] on input line 2860.
)
("C:\Users\jaker\AppData\Local\Programs\MiKTeX 2.9\tex/latex/hyperref\hyperref.
sty"
Package: hyperref 2020/01/14 v7.00d Hypertext links for LaTeX

("C:\Users\jaker\AppData\Local\Programs\MiKTeX 2.9\tex/generic/ltxcmds\ltxcmds.
sty"
Package: ltxcmds 2019/12/15 v1.24 LaTeX kernel commands for general use (HO)
)
("C:\Users\jaker\AppData\Local\Programs\MiKTeX 2.9\tex/generic/iftex\iftex.sty"
Package: iftex 2019/11/07 v1.0c TeX engine tests
)
("C:\Users\jaker\AppData\Local\Programs\MiKTeX 2.9\tex/latex/pdftexcmds\pdftexc
mds.sty"
Package: pdftexcmds 2019/11/24 v0.31 Utility functions of pdfTeX for LuaTeX (HO
)

("C:\Users\jaker\AppData\Local\Programs\MiKTeX 2.9\tex/generic/infwarerr\infwar
err.sty"
Package: infwarerr 2019/12/03 v1.5 Providing info/warning/error messages (HO)
)
Package pdftexcmds Info: \pdf@primitive is available.
Package pdftexcmds Info: \pdf@ifprimitive is available.
Package pdftexcmds Info: \pdfdraftmode found.
)
("C:\Users\jaker\AppData\Local\Programs\MiKTeX 2.9\tex/generic/kvsetkeys\kvsetk
eys.sty"
Package: kvsetkeys 2019/12/15 v1.18 Key value parser (HO)
)
("C:\Users\jaker\AppData\Local\Programs\MiKTeX 2.9\tex/generic/kvdefinekeys\kvd
efinekeys.sty"
Package: kvdefinekeys 2019-12-19 v1.6 Define keys (HO)
)
("C:\Users\jaker\AppData\Local\Programs\MiKTeX 2.9\tex/generic/pdfescape\pdfesc
ape.sty"
Package: pdfescape 2019/12/09 v1.15 Implements pdfTeX's escape features (HO)
)
("C:\Users\jaker\AppData\Local\Programs\MiKTeX 2.9\tex/latex/hycolor\hycolor.st
y"
Package: hycolor 2020-01-27 v1.10 Color options for hyperref/bookmark (HO)
)
("C:\Users\jaker\AppData\Local\Programs\MiKTeX 2.9\tex/latex/letltxmacro\letltx
macro.sty"
Package: letltxmacro 2019/12/03 v1.6 Let assignment for LaTeX macros (HO)
)
("C:\Users\jaker\AppData\Local\Programs\MiKTeX 2.9\tex/latex/auxhook\auxhook.st
y"
Package: auxhook 2019-12-17 v1.6 Hooks for auxiliary files (HO)
)
("C:\Users\jaker\AppData\Local\Programs\MiKTeX 2.9\tex/latex/kvoptions\kvoption
s.sty"
Package: kvoptions 2019/11/29 v3.13 Key value format for package options (HO)
)
\@linkdim=\dimen146
\Hy@linkcounter=\count188
\Hy@pagecounter=\count189

("C:\Users\jaker\AppData\Local\Programs\MiKTeX 2.9\tex/latex/hyperref\pd1enc.de
f"
File: pd1enc.def 2020/01/14 v7.00d Hyperref: PDFDocEncoding definition (HO)
Now handling font encoding PD1 ...
... no UTF-8 mapping file for font encoding PD1
)
("C:\Users\jaker\AppData\Local\Programs\MiKTeX 2.9\tex/generic/intcalc\intcalc.
sty"
Package: intcalc 2019/12/15 v1.3 Expandable calculations with integers (HO)
)
("C:\Users\jaker\AppData\Local\Programs\MiKTeX 2.9\tex/generic/etexcmds\etexcmd
s.sty"
Package: etexcmds 2019/12/15 v1.7 Avoid name clashes with e-TeX commands (HO)
)
\Hy@SavedSpaceFactor=\count190
Package hyperref Info: Hyper figures OFF on input line 4547.
Package hyperref Info: Link nesting OFF on input line 4552.
Package hyperref Info: Hyper index ON on input line 4555.
Package hyperref Info: Plain pages OFF on input line 4562.
Package hyperref Info: Backreferencing OFF on input line 4567.
Package hyperref Info: Implicit mode ON; LaTeX internals redefined.
Package hyperref Info: Bookmarks ON on input line 4800.
\c@Hy@tempcnt=\count191
 ("C:\Users\jaker\AppData\Local\Programs\MiKTeX 2.9\tex/latex/url\url.sty"
\Urlmuskip=\muskip17
Package: url 2013/09/16  ver 3.4  Verb mode for urls, etc.
)
LaTeX Info: Redefining \url on input line 5159.
\XeTeXLinkMargin=\dimen147

("C:\Users\jaker\AppData\Local\Programs\MiKTeX 2.9\tex/generic/bitset\bitset.st
y"
Package: bitset 2019/12/09 v1.3 Handle bit-vector datatype (HO)

("C:\Users\jaker\AppData\Local\Programs\MiKTeX 2.9\tex/generic/bigintcalc\bigin
tcalc.sty"
Package: bigintcalc 2019/12/15 v1.5 Expandable calculations on big integers (HO
)
))
\Fld@menulength=\count192
\Field@Width=\dimen148
\Fld@charsize=\dimen149
Package hyperref Info: Hyper figures OFF on input line 6430.
Package hyperref Info: Link nesting OFF on input line 6435.
Package hyperref Info: Hyper index ON on input line 6438.
Package hyperref Info: backreferencing OFF on input line 6445.
Package hyperref Info: Link coloring OFF on input line 6450.
Package hyperref Info: Link coloring with OCG OFF on input line 6455.
Package hyperref Info: PDF/A mode OFF on input line 6460.
LaTeX Info: Redefining \ref on input line 6500.
LaTeX Info: Redefining \pageref on input line 6504.

("C:\Users\jaker\AppData\Local\Programs\MiKTeX 2.9\tex/generic/atbegshi\atbegsh
i.sty"
Package: atbegshi 2019/12/05 v1.19 At begin shipout hook (HO)
)
\Hy@abspage=\count193
\c@Item=\count194
\c@Hfootnote=\count195
)
Package hyperref Info: Driver (autodetected): hpdftex.

("C:\Users\jaker\AppData\Local\Programs\MiKTeX 2.9\tex/latex/hyperref\hpdftex.d
ef"
File: hpdftex.def 2020/01/14 v7.00d Hyperref driver for pdfTeX

("C:\Users\jaker\AppData\Local\Programs\MiKTeX 2.9\tex/latex/atveryend\atveryen
d.sty"
Package: atveryend 2019-12-11 v1.11 Hooks at the very end of document (HO)
Package atveryend Info: \enddocument detected (standard20110627).
)
\Fld@listcount=\count196
\c@bookmark@seq@number=\count197

("C:\Users\jaker\AppData\Local\Programs\MiKTeX 2.9\tex/latex/rerunfilecheck\rer
unfilecheck.sty"
Package: rerunfilecheck 2019/12/05 v1.9 Rerun checks for auxiliary files (HO)

("C:\Users\jaker\AppData\Local\Programs\MiKTeX 2.9\tex/generic/uniquecounter\un
iquecounter.sty"
Package: uniquecounter 2019/12/15 v1.4 Provide unlimited unique counter (HO)
)
Package uniquecounter Info: New unique counter `rerunfilecheck' on input line 2
86.
)
\Hy@SectionHShift=\skip52
)
("C:\Users\jaker\AppData\Local\Programs\MiKTeX 2.9\tex/latex/caption\subcaption
.sty"
Package: subcaption 2020/01/22 v1.3d Sub-captions (AR)

("C:\Users\jaker\AppData\Local\Programs\MiKTeX 2.9\tex/latex/caption\caption.st
y"
Package: caption 2020/01/03 v3.4h Customizing captions (AR)

("C:\Users\jaker\AppData\Local\Programs\MiKTeX 2.9\tex/latex/caption\caption3.s
ty"
Package: caption3 2020/01/03 v1.8h caption3 kernel (AR)
Package caption3 Info: TeX engine: e-TeX on input line 61.
\captionmargin=\dimen150
\captionmargin@=\dimen151
\captionwidth=\dimen152
\caption@tempdima=\dimen153
\caption@indent=\dimen154
\caption@parindent=\dimen155
\caption@hangindent=\dimen156
Package caption Info: Standard document class detected.
)
\c@caption@flags=\count198
\c@continuedfloat=\count199
Package caption Info: hyperref package is loaded.
)
\c@subfigure=\count266
\c@subtable=\count267
)
("C:\Users\jaker\AppData\Local\Programs\MiKTeX 2.9\tex/latex/geometry\geometry.
sty"
Package: geometry 2020/01/02 v5.9 Page Geometry

("C:\Users\jaker\AppData\Local\Programs\MiKTeX 2.9\tex/generic/iftex\ifvtex.sty
"
Package: ifvtex 2019/10/25 v1.7 ifvtex legacy package. Use iftex instead.
)
\Gm@cnth=\count268
\Gm@cntv=\count269
\c@Gm@tempcnt=\count270
\Gm@bindingoffset=\dimen157
\Gm@wd@mp=\dimen158
\Gm@odd@mp=\dimen159
\Gm@even@mp=\dimen160
\Gm@layoutwidth=\dimen161
\Gm@layoutheight=\dimen162
\Gm@layouthoffset=\dimen163
\Gm@layoutvoffset=\dimen164
\Gm@dimlist=\toks21

("C:\Users\jaker\AppData\Local\Programs\MiKTeX 2.9\tex/latex/geometry\geometry.
cfg"))
("C:\Users\jaker\AppData\Local\Programs\MiKTeX 2.9\tex/latex/biblatex\biblatex.
sty"
Package: biblatex 2019/12/01 v3.14 programmable bibliographies (PK/MW)

("C:\Users\jaker\AppData\Local\Programs\MiKTeX 2.9\tex/latex/etoolbox\etoolbox.
sty"
Package: etoolbox 2019/09/21 v2.5h e-TeX tools for LaTeX (JAW)
\etb@tempcnta=\count271
)
("C:\Users\jaker\AppData\Local\Programs\MiKTeX 2.9\tex/latex/logreq\logreq.sty"
Package: logreq 2010/08/04 v1.0 xml request logger
\lrq@indent=\count272
("C:\Users\jaker\AppData\Local\Programs\MiKTeX 2.9\tex/latex/logreq\logreq.def"
File: logreq.def 2010/08/04 v1.0 logreq spec v1.0
)) ("C:\Users\jaker\AppData\Local\Programs\MiKTeX 2.9\tex/latex/base\ifthen.sty
"
Package: ifthen 2014/09/29 v1.1c Standard LaTeX ifthen package (DPC)
)
\c@tabx@nest=\count273
\c@listtotal=\count274
\c@listcount=\count275
\c@liststart=\count276
\c@liststop=\count277
\c@citecount=\count278
\c@citetotal=\count279
\c@multicitecount=\count280
\c@multicitetotal=\count281
\c@instcount=\count282
\c@maxnames=\count283
\c@minnames=\count284
\c@maxitems=\count285
\c@minitems=\count286
\c@citecounter=\count287
\c@maxcitecounter=\count288
\c@savedcitecounter=\count289
\c@uniquelist=\count290
\c@uniquename=\count291
\c@refsection=\count292
\c@refsegment=\count293
\c@maxextratitle=\count294
\c@maxextratitleyear=\count295
\c@maxextraname=\count296
\c@maxextradate=\count297
\c@maxextraalpha=\count298
\c@abbrvpenalty=\count299
\c@highnamepenalty=\count300
\c@lownamepenalty=\count301
\c@maxparens=\count302
\c@parenlevel=\count303
\blx@tempcnta=\count304
\blx@tempcntb=\count305
\blx@tempcntc=\count306
\blx@maxsection=\count307
\blx@maxsegment@0=\count308
\blx@notetype=\count309
\blx@parenlevel@text=\count310
\blx@parenlevel@foot=\count311
\blx@sectionciteorder@0=\count312
\blx@entrysetcounter=\count313
\labelnumberwidth=\skip53
\labelalphawidth=\skip54
\biblabelsep=\skip55
\bibitemsep=\skip56
\bibnamesep=\skip57
\bibinitsep=\skip58
\bibparsep=\skip59
\bibhang=\skip60
\blx@bcfin=\read2
\blx@bcfout=\write3
\blx@langwohyphens=\language82
\c@mincomprange=\count314
\c@maxcomprange=\count315
\c@mincompwidth=\count316
Package biblatex Info: Trying to load biblatex default data model...
Package biblatex Info: ... file 'blx-dm.def' found.

("C:\Users\jaker\AppData\Local\Programs\MiKTeX 2.9\tex/latex/biblatex\blx-dm.de
f"
File: blx-dm.def 2019/12/01 v3.14 biblatex localization (PK/MW)
)
Package biblatex Info: Trying to load biblatex style data model...
Package biblatex Info: ... file 'numeric.dbx' not found.
Package biblatex Info: Trying to load biblatex custom data model...
Package biblatex Info: ... file 'biblatex-dm.cfg' not found.
\c@afterword=\count317
\c@savedafterword=\count318
\c@annotator=\count319
\c@savedannotator=\count320
\c@author=\count321
\c@savedauthor=\count322
\c@bookauthor=\count323
\c@savedbookauthor=\count324
\c@commentator=\count325
\c@savedcommentator=\count326
\c@editor=\count327
\c@savededitor=\count328
\c@editora=\count329
\c@savededitora=\count330
\c@editorb=\count331
\c@savededitorb=\count332
\c@editorc=\count333
\c@savededitorc=\count334
\c@foreword=\count335
\c@savedforeword=\count336
\c@holder=\count337
\c@savedholder=\count338
\c@introduction=\count339
\c@savedintroduction=\count340
\c@namea=\count341
\c@savednamea=\count342
\c@nameb=\count343
\c@savednameb=\count344
\c@namec=\count345
\c@savednamec=\count346
\c@translator=\count347
\c@savedtranslator=\count348
\c@shortauthor=\count349
\c@savedshortauthor=\count350
\c@shorteditor=\count351
\c@savedshorteditor=\count352
\c@labelname=\count353
\c@savedlabelname=\count354
\c@institution=\count355
\c@savedinstitution=\count356
\c@lista=\count357
\c@savedlista=\count358
\c@listb=\count359
\c@savedlistb=\count360
\c@listc=\count361
\c@savedlistc=\count362
\c@listd=\count363
\c@savedlistd=\count364
\c@liste=\count365
\c@savedliste=\count366
\c@listf=\count367
\c@savedlistf=\count368
\c@location=\count369
\c@savedlocation=\count370
\c@organization=\count371
\c@savedorganization=\count372
\c@origlocation=\count373
\c@savedoriglocation=\count374
\c@origpublisher=\count375
\c@savedorigpublisher=\count376
\c@publisher=\count377
\c@savedpublisher=\count378
\c@language=\count379
\c@savedlanguage=\count380
\c@origlanguage=\count381
\c@savedoriglanguage=\count382
\c@pageref=\count383
\c@savedpageref=\count384
\shorthandwidth=\skip61
\shortjournalwidth=\skip62
\shortserieswidth=\skip63
\shorttitlewidth=\skip64
\shortauthorwidth=\skip65
\shorteditorwidth=\skip66
\locallabelnumberwidth=\skip67
\locallabelalphawidth=\skip68
\localshorthandwidth=\skip69
\localshortjournalwidth=\skip70
\localshortserieswidth=\skip71
\localshorttitlewidth=\skip72
\localshortauthorwidth=\skip73
\localshorteditorwidth=\skip74
Package biblatex Info: Trying to load compatibility code...
Package biblatex Info: ... file 'blx-compat.def' found.

("C:\Users\jaker\AppData\Local\Programs\MiKTeX 2.9\tex/latex/biblatex\blx-compa
t.def"
File: blx-compat.def 2019/12/01 v3.14 biblatex compatibility (PK/MW)
)
Package biblatex Info: Trying to load generic definitions...
Package biblatex Info: ... file 'biblatex.def' found.

("C:\Users\jaker\AppData\Local\Programs\MiKTeX 2.9\tex/latex/biblatex\biblatex.
def"
File: biblatex.def 2019/12/01 v3.14 biblatex compatibility (PK/MW)
\c@textcitecount=\count385
\c@textcitetotal=\count386
\c@textcitemaxnames=\count387
\c@biburlbigbreakpenalty=\count388
\c@biburlbreakpenalty=\count389
\c@biburlnumpenalty=\count390
\c@biburlucpenalty=\count391
\c@biburllcpenalty=\count392
\biburlbigskip=\muskip18
\biburlnumskip=\muskip19
\biburlucskip=\muskip20
\biburllcskip=\muskip21
\c@smartand=\count393
)
Package biblatex Info: Trying to load bibliography style 'numeric'...
Package biblatex Info: ... file 'numeric.bbx' found.

("C:\Users\jaker\AppData\Local\Programs\MiKTeX 2.9\tex/latex/biblatex/bbx\numer
ic.bbx"
File: numeric.bbx 2019/12/01 v3.14 biblatex bibliography style (PK/MW)
Package biblatex Info: Trying to load bibliography style 'standard'...
Package biblatex Info: ... file 'standard.bbx' found.

("C:\Users\jaker\AppData\Local\Programs\MiKTeX 2.9\tex/latex/biblatex/bbx\stand
ard.bbx"
File: standard.bbx 2019/12/01 v3.14 biblatex bibliography style (PK/MW)
\c@bbx:relatedcount=\count394
\c@bbx:relatedtotal=\count395
))
Package biblatex Info: Trying to load citation style 'numeric'...
Package biblatex Info: ... file 'numeric.cbx' found.

("C:\Users\jaker\AppData\Local\Programs\MiKTeX 2.9\tex/latex/biblatex/cbx\numer
ic.cbx"
File: numeric.cbx 2019/12/01 v3.14 biblatex citation style (PK/MW)
Package biblatex Info: Redefining '\cite'.
Package biblatex Info: Redefining '\parencite'.
Package biblatex Info: Redefining '\footcite'.
Package biblatex Info: Redefining '\footcitetext'.
Package biblatex Info: Redefining '\smartcite'.
Package biblatex Info: Redefining '\supercite'.
Package biblatex Info: Redefining '\textcite'.
Package biblatex Info: Redefining '\textcites'.
Package biblatex Info: Redefining '\cites'.
Package biblatex Info: Redefining '\parencites'.
Package biblatex Info: Redefining '\smartcites'.
)
Package biblatex Info: Trying to load configuration file...
Package biblatex Info: ... file 'biblatex.cfg' found.

("C:\Users\jaker\AppData\Local\Programs\MiKTeX 2.9\tex/latex/biblatex\biblatex.
cfg"
File: biblatex.cfg 
)))
\@quotelevel=\count396
\@quotereset=\count397

("C:\Users\jaker\AppData\Local\Programs\MiKTeX 2.9\tex/latex/l3backend\l3backen
d-pdfmode.def"
File: l3backend-pdfmode.def 2020-02-23 L3 backend support: PDF mode
\l__kernel_color_stack_int=\count398
\l__pdf_internal_box=\box47
)
No file drafts/20200623/20200623_version.aux.
\openout1 = `drafts/20200623/20200623_version.aux'.

LaTeX Font Info:    Checking defaults for OML/cmm/m/it on input line 6.
LaTeX Font Info:    ... okay on input line 6.
LaTeX Font Info:    Checking defaults for OMS/cmsy/m/n on input line 6.
LaTeX Font Info:    ... okay on input line 6.
LaTeX Font Info:    Checking defaults for OT1/cmr/m/n on input line 6.
LaTeX Font Info:    ... okay on input line 6.
LaTeX Font Info:    Checking defaults for T1/cmr/m/n on input line 6.
LaTeX Font Info:    ... okay on input line 6.
LaTeX Font Info:    Checking defaults for TS1/cmr/m/n on input line 6.
LaTeX Font Info:    ... okay on input line 6.
LaTeX Font Info:    Checking defaults for OMX/cmex/m/n on input line 6.
LaTeX Font Info:    ... okay on input line 6.
LaTeX Font Info:    Checking defaults for U/cmr/m/n on input line 6.
LaTeX Font Info:    ... okay on input line 6.
LaTeX Font Info:    Checking defaults for PD1/pdf/m/n on input line 6.
LaTeX Font Info:    ... okay on input line 6.

("C:\Users\jaker\AppData\Local\Programs\MiKTeX 2.9\tex/context/base/mkii\supp-p
df.mkii"
[Loading MPS to PDF converter (version 2006.09.02).]
\scratchcounter=\count399
\scratchdimen=\dimen165
\scratchbox=\box48
\nofMPsegments=\count400
\nofMParguments=\count401
\everyMPshowfont=\toks22
\MPscratchCnt=\count402
\MPscratchDim=\dimen166
\MPnumerator=\count403
\makeMPintoPDFobject=\count404
\everyMPtoPDFconversion=\toks23
)
("C:\Users\jaker\AppData\Local\Programs\MiKTeX 2.9\tex/latex/epstopdf-pkg\epsto
pdf-base.sty"
Package: epstopdf-base 2020-01-24 v2.11 Base part for package epstopdf
Package epstopdf-base Info: Redefining graphics rule for `.eps' on input line 4
85.
)
\AtBeginShipoutBox=\box49
Package hyperref Info: Link coloring OFF on input line 6.

("C:\Users\jaker\AppData\Local\Programs\MiKTeX 2.9\tex/latex/hyperref\nameref.s
ty"
Package: nameref 2019/09/16 v2.46 Cross-referencing by name of section

("C:\Users\jaker\AppData\Local\Programs\MiKTeX 2.9\tex/latex/refcount\refcount.
sty"
Package: refcount 2019/12/15 v3.6 Data extraction from label references (HO)
)
("C:\Users\jaker\AppData\Local\Programs\MiKTeX 2.9\tex/generic/gettitlestring\g
ettitlestring.sty"
Package: gettitlestring 2019/12/15 v1.6 Cleanup title references (HO)
)
\c@section@level=\count405
)
LaTeX Info: Redefining \ref on input line 6.
LaTeX Info: Redefining \pageref on input line 6.
LaTeX Info: Redefining \nameref on input line 6.
\@outlinefile=\write4
\openout4 = `drafts/20200623/20200623_version.out'.

Package caption Info: Begin \AtBeginDocument code.
Package caption Info: End \AtBeginDocument code.

*geometry* driver: auto-detecting
*geometry* detected driver: pdftex
*geometry* verbose mode - [ preamble ] result:
* driver: pdftex
* paper: a4paper
* layout: <same size as paper>
* layoutoffset:(h,v)=(0.0pt,0.0pt)
* modes: twoside 
* h-part:(L,W,R)=(65.55515pt, 433.62pt, 98.33273pt)
* v-part:(T,H,B)=(98.01874pt, 600.0pt, 147.0281pt)
* \paperwidth=597.50787pt
* \paperheight=845.04684pt
* \textwidth=433.62pt
* \textheight=600.0pt
* \oddsidemargin=-6.71484pt
* \evensidemargin=26.06274pt
* \topmargin=-4.31874pt
* \headheight=12.0pt
* \headsep=18.06749pt
* \topskip=10.0pt
* \footskip=25.29494pt
* \marginparwidth=125.0pt
* \marginparsep=7.0pt
* \columnsep=10.0pt
* \skip\footins=9.0pt plus 4.0pt minus 2.0pt
* \hoffset=0.0pt
* \voffset=0.0pt
* \mag=1000
* \@twocolumnfalse
* \@twosidetrue
* \@mparswitchtrue
* \@reversemarginfalse
* (1in=72.27pt=25.4mm, 1cm=28.453pt)

Package biblatex Info: Trying to load language 'english'...
Package biblatex Info: ... file 'english.lbx' found.

("C:\Users\jaker\AppData\Local\Programs\MiKTeX 2.9\tex/latex/biblatex/lbx\engli
sh.lbx"
File: english.lbx 2019/12/01 v3.14 biblatex localization (PK/MW)
)
Package biblatex Info: Input encoding 'utf8' detected.
Package biblatex Info: Automatic encoding selection.
(biblatex)             Assuming data encoding 'utf8'.
\openout3 = `drafts/20200623/20200623_version.bcf'.

Package biblatex Info: Trying to load bibliographic data...
Package biblatex Info: ... file 'drafts/20200623/20200623_version.bbl' not foun
d.

No file drafts/20200623/20200623_version.bbl.
Package biblatex Info: Reference section=0 on input line 6.
Package biblatex Info: Reference segment=0 on input line 6.
\openout2 = `latex/mtodo.aux'.

(latex/mtodo.tex) [1{C:/Users/jaker/AppData/Local/MiKTeX/2.9/pdftex/config/pdft
ex.map}


] [2


]
\openout2 = `latex/01_frontmatter.aux'.

 (latex/01_frontmatter.tex [1


]
<fig/ANU_logo_temp.png, id=24, 2007.5pt x 686.565pt>
File: fig/ANU_logo_temp.png Graphic file (type png)
<use fig/ANU_logo_temp.png>
Package pdftex.def Info: fig/ANU_logo_temp.png  used on input line 74.
(pdftex.def)             Requested size: 303.53267pt x 103.8079pt.
 [2 <./fig/ANU_logo_temp.png>]
[3]
<fig/misc/spidey.jpeg, id=36, 599.23875pt x 564.1075pt>
File: fig/misc/spidey.jpeg Graphic file (type jpg)
<use fig/misc/spidey.jpeg>
Package pdftex.def Info: fig/misc/spidey.jpeg  used on input line 96.
(pdftex.def)             Requested size: 346.89731pt x 326.56282pt.
) [4 <./fig/misc/spidey.jpeg>]
\tf@toc=\write5
\openout5 = `drafts/20200623/20200623_version.toc'.

 [5


] [6

]
\tf@lof=\write6
\openout6 = `drafts/20200623/20200623_version.lof'.

 [7] [8

]
\tf@lot=\write7
\openout7 = `drafts/20200623/20200623_version.lot'.

 [9] [10

]pdfTeX warning (ext4): destination with the same identifier (name{page.1}) has
 been already used, duplicate ignored
<to be read again> 
                   \relax 
l.15 \part{Preface}
                    [1

]pdfTeX warning (ext4): destination with the same identifier (name{page.2}) has
 been already used, duplicate ignored
<to be read again> 
                   \relax 
l.15 \part{Preface}
                    [2]
\openout2 = `latex/11_overview.aux'.

 (latex/11_overview.tex

Package hyperref Warning: Difference (2) between bookmark levels is greater 
(hyperref)                than one, level fixed on input line 3.


LaTeX Warning: Citation 'Chang2016' on page 3 undefined on input line 21.

) [3

] [4


]
Chapter 1.
[5]
\openout2 = `latex/12_introduction.aux'.

 (latex/12_introduction.tex [6

] [7] [8] [9] [10] [11] [12]
Overfull \hbox (3.0996pt too wide) in paragraph at lines 409--415
[]\OT1/cmr/m/n/12 for which the crit-i-cal tem-per-a-ture for con-den-sa-tion i
s $\OML/cmm/m/it/12 k[]T[] \OT1/cmr/m/n/12 = []\OML/cmm/m/it/12 ![] \OT1/cmr/m/
n/12 = [][] =
 []

[13] [14]) [15] [16


] [17] [18]
\openout2 = `latex/20_metrology.aux'.

 (latex/20_metrology.tex
Chapter 2.
[19


] [20]) [21] [22


]
Chapter 3.

Package hyperref Warning: Token not allowed in a PDF string (PDFDocEncoding):
(hyperref)                removing `math shift' on input line 21.


Package hyperref Warning: Token not allowed in a PDF string (PDFDocEncoding):
(hyperref)                removing `superscript' on input line 21.


Package hyperref Warning: Token not allowed in a PDF string (PDFDocEncoding):
(hyperref)                removing `math shift' on input line 21.

[23]
\openout2 = `latex/21_transitions.aux'.

 (latex/21_transitions.tex

LaTeX Warning: Citation 'Lach01' on page 24 undefined on input line 24.


Overfull \hbox (21.46103pt too wide) has occurred while \output is active
\OT1/cmr/m/n/10 24 \OT1/cmr/m/sl/10 CHAPTER 3.  MEASUREMENT OF EXCITED-STATE AN
D FORBIDDEN TRANSITIONS IN $[]$HE
 []

[24

]

Package hyperref Warning: Token not allowed in a PDF string (PDFDocEncoding):
(hyperref)                removing `math shift' on input line 37.


Package hyperref Warning: Token not allowed in a PDF string (PDFDocEncoding):
(hyperref)                removing `superscript' on input line 37.


Package hyperref Warning: Token not allowed in a PDF string (PDFDocEncoding):
(hyperref)                removing `\leavevmode@ifvmode' on input line 37.


Package hyperref Warning: Token not allowed in a PDF string (PDFDocEncoding):
(hyperref)                \kern -1.95872pt
(hyperref)                removed on input line 37.


Package hyperref Warning: Token not allowed in a PDF string (PDFDocEncoding):
(hyperref)                removing `subscript' on input line 37.


Package hyperref Warning: Token not allowed in a PDF string (PDFDocEncoding):
(hyperref)                removing `\rightarrow' on input line 37.


Package hyperref Warning: Token not allowed in a PDF string (PDFDocEncoding):
(hyperref)                removing `math shift' on input line 37.


LaTeX Warning: Citation 'Martin60' on page 25 undefined on input line 39.


LaTeX Warning: Citation 'Wiese09' on page 25 undefined on input line 39.


LaTeX Warning: Citation 'Pachucki15' on page 25 undefined on input line 45.


LaTeX Warning: Citation 'Pachucki17' on page 25 undefined on input line 45.


LaTeX Warning: Citation 'Pachucki11' on page 25 undefined on input line 45.


LaTeX Warning: Citation 'Pachucki10' on page 25 undefined on input line 45.


LaTeX Warning: Citation 'Morton12' on page 25 undefined on input line 45.


LaTeX Warning: Citation 'Morton06' on page 25 undefined on input line 45.


LaTeX Warning: Citation 'Patkos16' on page 25 undefined on input line 45.


LaTeX Warning: Citation 'Patkos17' on page 25 undefined on input line 45.


LaTeX Warning: Citation 'Pachucki15' on page 25 undefined on input line 45.


Overfull \hbox (42.59186pt too wide) in paragraph at lines 45--46
[]\OT1/cmr/m/n/12 The on-go-ing the-o-ret-i-cal cam-paign [[], [], [], [],
 []


Overfull \hbox (2.78407pt too wide) in paragraph at lines 45--46
\OT1/cmr/m/n/12 Helium-4 ob-tained from the $2[]\OML/cmm/m/it/12 S[] \OMS/cmsy/
m/n/12 ! \OT1/cmr/m/n/12 2[]\OML/cmm/m/it/12 P$ \OT1/cmr/m/n/12 and the $2[]\OM
L/cmm/m/it/12 S[] \OMS/cmsy/m/n/12 ! []$ \OT1/cmr/m/n/12 transitions[[]]. 
 []


LaTeX Warning: Citation 'Wiese09' on page 25 undefined on input line 47.


LaTeX Warning: Citation 'Zhang15' on page 25 undefined on input line 47.


LaTeX Warning: Citation 'Pachucki15' on page 25 undefined on input line 49.


LaTeX Warning: Citation 'Pachucki17' on page 25 undefined on input line 49.


LaTeX Warning: Citation 'Pachucki11' on page 25 undefined on input line 49.


LaTeX Warning: Citation 'Pachucki10' on page 25 undefined on input line 49.


LaTeX Warning: Citation 'Morton12' on page 25 undefined on input line 49.


LaTeX Warning: Citation 'Morton06' on page 25 undefined on input line 49.


LaTeX Warning: Citation 'Patkos16' on page 25 undefined on input line 49.


LaTeX Warning: Citation 'Patkos17' on page 25 undefined on input line 49.


LaTeX Warning: Citation 'Patkos16' on page 25 undefined on input line 49.


LaTeX Warning: Citation 'Patkos17' on page 25 undefined on input line 49.


LaTeX Warning: Citation 'Pachucki17' on page 25 undefined on input line 49.


LaTeX Warning: Citation 'Pachucki15' on page 25 undefined on input line 49.


LaTeX Warning: Citation 'Pachucki17' on page 25 undefined on input line 49.


Overfull \hbox (0.16174pt too wide) in paragraph at lines 49--50
[]\OT1/cmr/m/n/12 The the-o-ret-i-cal cam-paign [[], [], [], [],
 []

[25]

LaTeX Warning: Citation 'Pastor04' on page 26 undefined on input line 51.


LaTeX Warning: Citation 'Smiciklas10' on page 26 undefined on input line 51.


LaTeX Warning: Citation 'Wienczek19' on page 26 undefined on input line 51.


LaTeX Warning: Citation 'Kato18' on page 26 undefined on input line 53.


LaTeX Warning: Citation 'Pachucki17' on page 26 undefined on input line 53.


LaTeX Warning: Citation 'Wienczek19' on page 26 undefined on input line 55.


LaTeX Warning: Citation 'Martin60' on page 26 undefined on input line 55.


LaTeX Warning: Citation 'Morton06' on page 26 undefined on input line 55.

Package epstopdf Info: Source file: <fig/Spectroscopy/level_diagram_tight_latex
.eps>
(epstopdf)                    date: 2020-03-10 22:39:00
(epstopdf)                    size: 154014 bytes
(epstopdf)             Output file: <fig/Spectroscopy/level_diagram_tight_latex
-eps-converted-to.pdf>
(epstopdf)                    date: 2020-03-22 19:42:49
(epstopdf)                    size: 58384 bytes
(epstopdf)             Command: <epstopdf --outfile=fig/Spectroscopy/level_diag
ram_tight_latex-eps-converted-to.pdf fig/Spectroscopy/level_diagram_tight_latex
.eps>
(epstopdf)             \includegraphics on input line 59.
Package epstopdf Info: Output file is already uptodate.


pdfTeX warning: pdflatex.exe (file ./fig/Spectroscopy/level_diagram_tight_latex
-eps-converted-to.pdf): PDF inclusion: found PDF version <1.7>, but at most ver
sion <1.5> allowed
<fig/Spectroscopy/level_diagram_tight_latex-eps-converted-to.pdf, id=209, 237.8
8875pt x 251.94125pt>
File: fig/Spectroscopy/level_diagram_tight_latex-eps-converted-to.pdf Graphic f
ile (type pdf)
<use fig/Spectroscopy/level_diagram_tight_latex-eps-converted-to.pdf>
Package pdftex.def Info: fig/Spectroscopy/level_diagram_tight_latex-eps-convert
ed-to.pdf  used on input line 59.
(pdftex.def)             Requested size: 433.62pt x 459.25652pt.

Overfull \hbox (21.46103pt too wide) has occurred while \output is active
\OT1/cmr/m/n/10 26 \OT1/cmr/m/sl/10 CHAPTER 3.  MEASUREMENT OF EXCITED-STATE AN
D FORBIDDEN TRANSITIONS IN $[]$HE
 []

[26] [27]
Overfull \hbox (3.41924pt too wide) in paragraph at lines 88--98
[][]
 []


Overfull \hbox (88.51152pt too wide) in paragraph at lines 113--114
\OT1/cmr/m/n/12 con-trol in-ter-face writes a line to the log file with the pa-
ram-e-ters [][]\OT1/cmtt/m/n/12 timestamp, laser_setpt, shot_type
 []


Overfull \hbox (21.46103pt too wide) has occurred while \output is active
\OT1/cmr/m/n/10 28 \OT1/cmr/m/sl/10 CHAPTER 3.  MEASUREMENT OF EXCITED-STATE AN
D FORBIDDEN TRANSITIONS IN $[]$HE
 []

[28]

LaTeX Warning: Citation 'Manning10' on page 29 undefined on input line 132.


LaTeX Warning: Citation 'Manning10' on page 29 undefined on input line 132.


LaTeX Warning: Citation 'Henson18' on page 29 undefined on input line 132.

[29]
Overfull \hbox (3.9502pt too wide) in paragraph at lines 140--148
[][] 
 []

Package epstopdf Info: Source file: <fig/spectroscopy/calib_model_51D2.eps>
(epstopdf)                    date: 2020-03-06 19:29:40
(epstopdf)                    size: 388155 bytes
(epstopdf)             Output file: <fig/spectroscopy/calib_model_51D2-eps-conv
erted-to.pdf>
(epstopdf)                    date: 2020-03-06 19:37:16
(epstopdf)                    size: 269955 bytes
(epstopdf)             Command: <epstopdf --outfile=fig/spectroscopy/calib_mode
l_51D2-eps-converted-to.pdf fig/spectroscopy/calib_model_51D2.eps>
(epstopdf)             \includegraphics on input line 171.
Package epstopdf Info: Output file is already uptodate.


pdfTeX warning: pdflatex.exe (file ./fig/spectroscopy/calib_model_51D2-eps-conv
erted-to.pdf): PDF inclusion: found PDF version <1.7>, but at most version <1.5
> allowed
<fig/spectroscopy/calib_model_51D2-eps-converted-to.pdf, id=235, 721.69624pt x 
327.2225pt>
File: fig/spectroscopy/calib_model_51D2-eps-converted-to.pdf Graphic file (type
 pdf)
<use fig/spectroscopy/calib_model_51D2-eps-converted-to.pdf>
Package pdftex.def Info: fig/spectroscopy/calib_model_51D2-eps-converted-to.pdf
  used on input line 171.
(pdftex.def)             Requested size: 433.62pt x 196.60463pt.
Package epstopdf Info: Source file: <fig/spectroscopy/auto_peak_detect_51D2.eps
>
(epstopdf)                    date: 2020-03-06 19:33:46
(epstopdf)                    size: 810369 bytes
(epstopdf)             Output file: <fig/spectroscopy/auto_peak_detect_51D2-eps
-converted-to.pdf>
(epstopdf)                    date: 2020-03-06 19:37:18
(epstopdf)                    size: 323680 bytes
(epstopdf)             Command: <epstopdf --outfile=fig/spectroscopy/auto_peak_
detect_51D2-eps-converted-to.pdf fig/spectroscopy/auto_peak_detect_51D2.eps>
(epstopdf)             \includegraphics on input line 177.
Package epstopdf Info: Output file is already uptodate.


pdfTeX warning: pdflatex.exe (file ./fig/spectroscopy/auto_peak_detect_51D2-eps
-converted-to.pdf): PDF inclusion: found PDF version <1.7>, but at most version
 <1.5> allowed
<fig/spectroscopy/auto_peak_detect_51D2-eps-converted-to.pdf, id=236, 721.69624
pt x 327.2225pt>
File: fig/spectroscopy/auto_peak_detect_51D2-eps-converted-to.pdf Graphic file 
(type pdf)
<use fig/spectroscopy/auto_peak_detect_51D2-eps-converted-to.pdf>
Package pdftex.def Info: fig/spectroscopy/auto_peak_detect_51D2-eps-converted-t
o.pdf  used on input line 177.
(pdftex.def)             Requested size: 433.62pt x 196.60463pt.
Package epstopdf Info: Source file: <fig/spectroscopy/probe_set_err_51D2.eps>
(epstopdf)                    date: 2020-03-06 19:29:15
(epstopdf)                    size: 75274 bytes
(epstopdf)             Output file: <fig/spectroscopy/probe_set_err_51D2-eps-co
nverted-to.pdf>
(epstopdf)                    date: 2020-03-06 19:37:18
(epstopdf)                    size: 69355 bytes
(epstopdf)             Command: <epstopdf --outfile=fig/spectroscopy/probe_set_
err_51D2-eps-converted-to.pdf fig/spectroscopy/probe_set_err_51D2.eps>
(epstopdf)             \includegraphics on input line 183.
Package epstopdf Info: Output file is already uptodate.


pdfTeX warning: pdflatex.exe (file ./fig/spectroscopy/probe_set_err_51D2-eps-co
nverted-to.pdf): PDF inclusion: found PDF version <1.7>, but at most version <1
.5> allowed
<fig/spectroscopy/probe_set_err_51D2-eps-converted-to.pdf, id=237, 721.69624pt 
x 327.2225pt>
File: fig/spectroscopy/probe_set_err_51D2-eps-converted-to.pdf Graphic file (ty
pe pdf)
<use fig/spectroscopy/probe_set_err_51D2-eps-converted-to.pdf>
Package pdftex.def Info: fig/spectroscopy/probe_set_err_51D2-eps-converted-to.p
df  used on input line 183.
(pdftex.def)             Requested size: 433.62pt x 196.60463pt.
Package epstopdf Info: Source file: <fig/spectroscopy/fitting_peaks_51D2.eps>
(epstopdf)                    date: 2020-03-06 19:31:13
(epstopdf)                    size: 338750 bytes
(epstopdf)             Output file: <fig/spectroscopy/fitting_peaks_51D2-eps-co
nverted-to.pdf>
(epstopdf)                    date: 2020-03-06 19:37:20
(epstopdf)                    size: 317187 bytes
(epstopdf)             Command: <epstopdf --outfile=fig/spectroscopy/fitting_pe
aks_51D2-eps-converted-to.pdf fig/spectroscopy/fitting_peaks_51D2.eps>
(epstopdf)             \includegraphics on input line 189.
Package epstopdf Info: Output file is already uptodate.


pdfTeX warning: pdflatex.exe (file ./fig/spectroscopy/fitting_peaks_51D2-eps-co
nverted-to.pdf): PDF inclusion: found PDF version <1.7>, but at most version <1
.5> allowed
<fig/spectroscopy/fitting_peaks_51D2-eps-converted-to.pdf, id=238, 721.69624pt 
x 327.2225pt>
File: fig/spectroscopy/fitting_peaks_51D2-eps-converted-to.pdf Graphic file (ty
pe pdf)
<use fig/spectroscopy/fitting_peaks_51D2-eps-converted-to.pdf>
Package pdftex.def Info: fig/spectroscopy/fitting_peaks_51D2-eps-converted-to.p
df  used on input line 189.
(pdftex.def)             Requested size: 433.62pt x 196.60463pt.

Overfull \hbox (21.46103pt too wide) has occurred while \output is active
\OT1/cmr/m/n/10 30 \OT1/cmr/m/sl/10 CHAPTER 3.  MEASUREMENT OF EXCITED-STATE AN
D FORBIDDEN TRANSITIONS IN $[]$HE
 []

[30]
Underfull \hbox (badness 10000) in paragraph at lines 229--250
[][]
 []


LaTeX Warning: Citation 'Drake07' on page 31 undefined on input line 250.


LaTeX Warning: Citation 'Drake07' on page 31 undefined on input line 250.


LaTeX Warning: Citation 'Drake07' on page 31 undefined on input line 250.


LaTeX Warning: Citation 'Drake07' on page 31 undefined on input line 250.


LaTeX Warning: Reference `fig:simple_lines' on page 31 undefined on input line 
254.


LaTeX Warning: Reference `fig:simple_lines' on page 31 undefined on input line 
254.


LaTeX Warning: Reference `fig:simple_lines' on page 31 undefined on input line 
261.


LaTeX Warning: Reference `fig:3D_1_line' on page 31 undefined on input line 261
.


LaTeX Warning: Reference `fig:simple_lines' on page 31 undefined on input line 
261.


LaTeX Warning: Reference `fig:3D_1_line' on page 31 undefined on input line 261
.


LaTeX Warning: Citation 'Marsman15' on page 31 undefined on input line 264.

[31]

LaTeX Warning: Citation 'Martin60' on page 32 undefined on input line 300.


LaTeX Warning: Citation 'Morton06' on page 32 undefined on input line 300.


Overfull \hbox (21.46103pt too wide) has occurred while \output is active
\OT1/cmr/m/n/10 32 \OT1/cmr/m/sl/10 CHAPTER 3.  MEASUREMENT OF EXCITED-STATE AN
D FORBIDDEN TRANSITIONS IN $[]$HE
 []

[32]

Package hyperref Warning: Token not allowed in a PDF string (PDFDocEncoding):
(hyperref)                removing `math shift' on input line 308.


Package hyperref Warning: Token not allowed in a PDF string (PDFDocEncoding):
(hyperref)                removing `superscript' on input line 308.


Package hyperref Warning: Token not allowed in a PDF string (PDFDocEncoding):
(hyperref)                removing `\leavevmode@ifvmode' on input line 308.


Package hyperref Warning: Token not allowed in a PDF string (PDFDocEncoding):
(hyperref)                \kern -1.95872pt
(hyperref)                removed on input line 308.


Package hyperref Warning: Token not allowed in a PDF string (PDFDocEncoding):
(hyperref)                removing `subscript' on input line 308.


Package hyperref Warning: Token not allowed in a PDF string (PDFDocEncoding):
(hyperref)                removing `\rightarrow' on input line 308.


Package hyperref Warning: Token not allowed in a PDF string (PDFDocEncoding):
(hyperref)                removing `superscript' on input line 308.


Package hyperref Warning: Token not allowed in a PDF string (PDFDocEncoding):
(hyperref)                removing `\leavevmode@ifvmode' on input line 308.


Package hyperref Warning: Token not allowed in a PDF string (PDFDocEncoding):
(hyperref)                \kern -1.95872pt
(hyperref)                removed on input line 308.


Package hyperref Warning: Token not allowed in a PDF string (PDFDocEncoding):
(hyperref)                removing `subscript' on input line 308.


Package hyperref Warning: Token not allowed in a PDF string (PDFDocEncoding):
(hyperref)                removing `math shift' on input line 308.

[33]
Overfull \hbox (8.48807pt too wide) in paragraph at lines 336--337
[]\OT1/cmr/m/n/12 https://physics.stackexchange.com/questions/430532/why-are-th
ere-no-transitions-
 []

)
Overfull \hbox (21.46103pt too wide) has occurred while \output is active
\OT1/cmr/m/n/10 34 \OT1/cmr/m/sl/10 CHAPTER 3.  MEASUREMENT OF EXCITED-STATE AN
D FORBIDDEN TRANSITIONS IN $[]$HE
 []

[34] [35 <./fig/Spectroscopy/level_diagram_tight_latex-eps-converted-to.pdf>]
Overfull \hbox (21.46103pt too wide) has occurred while \output is active
\OT1/cmr/m/n/10 36 \OT1/cmr/m/sl/10 CHAPTER 3.  MEASUREMENT OF EXCITED-STATE AN
D FORBIDDEN TRANSITIONS IN $[]$HE
 []

[36 <./fig/spectroscopy/calib_model_51D2-eps-converted-to.pdf> <./fig/spectrosc
opy/auto_peak_detect_51D2-eps-converted-to.pdf>] [37 <./fig/spectroscopy/probe_
set_err_51D2-eps-converted-to.pdf> <./fig/spectroscopy/fitting_peaks_51D2-eps-c
onverted-to.pdf>]
\openout2 = `latex/22_tuneout.aux'.

 (latex/22_tuneout.tex
Overfull \hbox (21.46103pt too wide) has occurred while \output is active
\OT1/cmr/m/n/10 38 \OT1/cmr/m/sl/10 CHAPTER 3.  MEASUREMENT OF EXCITED-STATE AN
D FORBIDDEN TRANSITIONS IN $[]$HE
 []

[38



]
Chapter 4.

Package hyperref Warning: Token not allowed in a PDF string (PDFDocEncoding):
(hyperref)                removing `math shift' on input line 1.


Package hyperref Warning: Token not allowed in a PDF string (PDFDocEncoding):
(hyperref)                removing `superscript' on input line 1.


Package hyperref Warning: Token not allowed in a PDF string (PDFDocEncoding):
(hyperref)                removing `\leavevmode@ifvmode' on input line 1.


Package hyperref Warning: Token not allowed in a PDF string (PDFDocEncoding):
(hyperref)                \kern -1.95872pt
(hyperref)                removed on input line 1.


Package hyperref Warning: Token not allowed in a PDF string (PDFDocEncoding):
(hyperref)                removing `subscript' on input line 1.


Package hyperref Warning: Token not allowed in a PDF string (PDFDocEncoding):
(hyperref)                removing `\rightarrow' on input line 1.


Package hyperref Warning: Token not allowed in a PDF string (PDFDocEncoding):
(hyperref)                removing `superscript' on input line 1.


Package hyperref Warning: Token not allowed in a PDF string (PDFDocEncoding):
(hyperref)                removing `\leavevmode@ifvmode' on input line 1.


Package hyperref Warning: Token not allowed in a PDF string (PDFDocEncoding):
(hyperref)                \kern -1.95872pt
(hyperref)                removed on input line 1.


Package hyperref Warning: Token not allowed in a PDF string (PDFDocEncoding):
(hyperref)                removing `superscript' on input line 1.


Package hyperref Warning: Token not allowed in a PDF string (PDFDocEncoding):
(hyperref)                removing `\leavevmode@ifvmode' on input line 1.


Package hyperref Warning: Token not allowed in a PDF string (PDFDocEncoding):
(hyperref)                \kern -1.95872pt
(hyperref)                removed on input line 1.


Package hyperref Warning: Token not allowed in a PDF string (PDFDocEncoding):
(hyperref)                removing `math shift' on input line 1.

[39] [40] [41] [42]) [43] [44


] [45] [46] [47

] [48]
\openout2 = `latex/30_manybody.aux'.

 (latex/30_manybody.tex
[49

]) [50]
\openout2 = `latex/31_depletion.aux'.

 (latex/31_depletion.tex
Chapter 5.
[51



]
Overfull \hbox (76.3247pt too wide) in paragraph at lines 39--41
\OT1/cmr/m/n/12 lat-tices https://www.nature.com/articles/nphys1476 <https://ww
w.nature.com/articles/nphys1476>
 []

[52]

LaTeX Warning: Citation 'Chang16' on page 53 undefined on input line 43.


LaTeX Warning: Citation 'Vassen2012' on page 53 undefined on input line 43.


LaTeX Warning: Citation 'Lopes2017' on page 53 undefined on input line 43.


LaTeX Warning: Citation 'Qu2016' on page 53 undefined on input line 43.


LaTeX Warning: Citation 'Makotyn2014' on page 53 undefined on input line 45.


LaTeX Warning: Citation 'Chang16' on page 53 undefined on input line 47.


LaTeX Warning: Citation 'Chang16' on page 53 undefined on input line 47.


LaTeX Warning: Citation 'Chang16' on page 53 undefined on input line 47.

[53]

LaTeX Warning: Citation 'Qu2016' on page 54 undefined on input line 72.


Overfull \hbox (10.54579pt too wide) in paragraph at lines 85--87
\OT1/cmr/m/n/12 where $\OML/cmm/m/it/12 T$\OT1/cmr/m/n/12 is the temperature,$\
OML/cmm/m/it/12 T \OT1/cmr/m/n/12 = \OML/cmm/m/it/12 h[]=[]$\OT1/cmr/m/n/12 is
 the ther-mal de Broglie wavelength,$[]$is
 []

[54] [55]
Package epstopdf Info: Source file: <fig/depletion/include/partition_QD_files_0
1_shot_counts_combine.eps>
(epstopdf)                    date: 2020-03-20 15:36:12
(epstopdf)                    size: 724335 bytes
(epstopdf)             Output file: <fig/depletion/include/partition_QD_files_0
1_shot_counts_combine-eps-converted-to.pdf>
(epstopdf)                    date: 2020-03-20 15:36:26
(epstopdf)                    size: 540183 bytes
(epstopdf)             Command: <epstopdf --outfile=fig/depletion/include/parti
tion_QD_files_01_shot_counts_combine-eps-converted-to.pdf fig/depletion/include
/partition_QD_files_01_shot_counts_combine.eps>
(epstopdf)             \includegraphics on input line 115.
Package epstopdf Info: Output file is already uptodate.


pdfTeX warning: pdflatex.exe (file ./fig/depletion/include/partition_QD_files_0
1_shot_counts_combine-eps-converted-to.pdf): PDF inclusion: found PDF version <
1.7>, but at most version <1.5> allowed
<fig/depletion/include/partition_QD_files_01_shot_counts_combine-eps-converted-
to.pdf, id=424, 597.23125pt x 313.17pt>
File: fig/depletion/include/partition_QD_files_01_shot_counts_combine-eps-conve
rted-to.pdf Graphic file (type pdf)
<use fig/depletion/include/partition_QD_files_01_shot_counts_combine-eps-conver
ted-to.pdf>
Package pdftex.def Info: fig/depletion/include/partition_QD_files_01_shot_count
s_combine-eps-converted-to.pdf  used on input line 115.
(pdftex.def)             Requested size: 433.62pt x 227.3793pt.

LaTeX Warning: Citation 'Dall2007' on page 56 undefined on input line 124.


LaTeX Warning: Citation 'Chang16' on page 56 undefined on input line 124.

[56 <./fig/depletion/include/partition_QD_files_01_shot_counts_combine-eps-conv
erted-to.pdf>]

LaTeX Warning: Citation 'Manning2010' on page 57 undefined on input line 136.

[57]

LaTeX Warning: Citation 'Chang16' on page 58 undefined on input line 146.

[58]
Underfull \vbox (badness 2970) has occurred while \output is active []

 [59]
Overfull \hbox (68.5105pt too wide) detected at line 162
[]\OML/cmm/m/it/12 N\OT1/cmr/m/n/12 (\OML/cmm/m/it/12 R\OT1/cmr/m/n/12 (\OML/cm
m/m/it/12 n\OT1/cmr/m/n/12 )\OML/cmm/m/it/12 ; \OT1/cmr/m/n/12 (\OML/cmm/m/it/
12 l\OT1/cmr/m/n/12 )\OML/cmm/m/it/12 ; \OT1/cmr/m/n/12 (\OML/cmm/m/it/12 m\OT
1/cmr/m/n/12 )) = \OMS/cmsy/m/n/12 jf\OT1/cmr/m/n/12 (\OML/cmm/m/it/12 r[]; []
; [] \OT1/cmr/m/n/12 : \OML/cmm/m/it/12 r\OT1/cmr/m/n/12 (\OML/cmm/m/it/12 n\O
T1/cmr/m/n/12 ) \OMS/cmsy/m/n/12  \OML/cmm/m/it/12 r[] < r\OT1/cmr/m/n/12 (\OM
L/cmm/m/it/12 n \OT1/cmr/m/n/12 + 1)\OML/cmm/m/it/12 ; \OT1/cmr/m/n/12 (\OML/c
mm/m/it/12 l\OT1/cmr/m/n/12 ) \OMS/cmsy/m/n/12  \OML/cmm/m/it/12 [] < \OT1/c
mr/m/n/12 (\OML/cmm/m/it/12 l \OT1/cmr/m/n/12 + 1)\OML/cmm/m/it/12 ; \OT1/cmr/
m/n/12 (\OML/cmm/m/it/12 m\OT1/cmr/m/n/12 ) \OMS/cmsy/m/n/12  \OML/cmm/m/it/12
 [] < \OT1/cmr/m/n/12 (\OML/cmm/m/it/12 m \OT1/cmr/m/n/12 + 1)\OMS/cmsy/m/n/1
2 g
 []


Overfull \hbox (46.71648pt too wide) detected at line 169
[]
 []

[60]
Package epstopdf Info: Source file: <fig/depletion/include/partition_QD_files_p
rofile_overlay_st.eps>
(epstopdf)                    date: 2020-03-20 15:36:15
(epstopdf)                    size: 170797 bytes
(epstopdf)             Output file: <fig/depletion/include/partition_QD_files_p
rofile_overlay_st-eps-converted-to.pdf>
(epstopdf)                    date: 2020-03-20 15:36:29
(epstopdf)                    size: 76476 bytes
(epstopdf)             Command: <epstopdf --outfile=fig/depletion/include/parti
tion_QD_files_profile_overlay_st-eps-converted-to.pdf fig/depletion/include/par
tition_QD_files_profile_overlay_st.eps>
(epstopdf)             \includegraphics on input line 185.
Package epstopdf Info: Output file is already uptodate.


pdfTeX warning: pdflatex.exe (file ./fig/depletion/include/partition_QD_files_p
rofile_overlay_st-eps-converted-to.pdf): PDF inclusion: found PDF version <1.7>
, but at most version <1.5> allowed
<fig/depletion/include/partition_QD_files_profile_overlay_st-eps-converted-to.p
df, id=458, 606.265pt x 310.15875pt>
File: fig/depletion/include/partition_QD_files_profile_overlay_st-eps-converted
-to.pdf Graphic file (type pdf)
<use fig/depletion/include/partition_QD_files_profile_overlay_st-eps-converted-
to.pdf>
Package pdftex.def Info: fig/depletion/include/partition_QD_files_profile_overl
ay_st-eps-converted-to.pdf  used on input line 185.
(pdftex.def)             Requested size: 433.62pt x 221.83754pt.
Package epstopdf Info: Source file: <fig/depletion/include/partition_QD_files_p
rofile_overlay_hf.eps>
(epstopdf)                    date: 2020-03-20 15:36:14
(epstopdf)                    size: 170796 bytes
(epstopdf)             Output file: <fig/depletion/include/partition_QD_files_p
rofile_overlay_hf-eps-converted-to.pdf>
(epstopdf)                    date: 2020-03-20 15:36:29
(epstopdf)                    size: 76498 bytes
(epstopdf)             Command: <epstopdf --outfile=fig/depletion/include/parti
tion_QD_files_profile_overlay_hf-eps-converted-to.pdf fig/depletion/include/par
tition_QD_files_profile_overlay_hf.eps>
(epstopdf)             \includegraphics on input line 189.
Package epstopdf Info: Output file is already uptodate.


pdfTeX warning: pdflatex.exe (file ./fig/depletion/include/partition_QD_files_p
rofile_overlay_hf-eps-converted-to.pdf): PDF inclusion: found PDF version <1.7>
, but at most version <1.5> allowed
<fig/depletion/include/partition_QD_files_profile_overlay_hf-eps-converted-to.p
df, id=459, 606.265pt x 310.15875pt>
File: fig/depletion/include/partition_QD_files_profile_overlay_hf-eps-converted
-to.pdf Graphic file (type pdf)
<use fig/depletion/include/partition_QD_files_profile_overlay_hf-eps-converted-
to.pdf>
Package pdftex.def Info: fig/depletion/include/partition_QD_files_profile_overl
ay_hf-eps-converted-to.pdf  used on input line 189.
(pdftex.def)             Requested size: 433.62pt x 221.83754pt.

LaTeX Warning: Citation 'PitaevskiiStringariBook16' on page 61 undefined on inp
ut line 193.


LaTeX Warning: Citation 'Moal06' on page 61 undefined on input line 203.

[61 <./fig/depletion/include/partition_QD_files_profile_overlay_st-eps-converte
d-to.pdf>]
Package epstopdf Info: Source file: <fig/depletion/include/calibrate_QD_shots_0
1_stats.eps>
(epstopdf)                    date: 2020-03-20 15:36:05
(epstopdf)                    size: 67147 bytes
(epstopdf)             Output file: <fig/depletion/include/calibrate_QD_shots_0
1_stats-eps-converted-to.pdf>
(epstopdf)                    date: 2020-03-20 15:36:27
(epstopdf)                    size: 64749 bytes
(epstopdf)             Command: <epstopdf --outfile=fig/depletion/include/calib
rate_QD_shots_01_stats-eps-converted-to.pdf fig/depletion/include/calibrate_QD_
shots_01_stats.eps>
(epstopdf)             \includegraphics on input line 206.
Package epstopdf Info: Output file is already uptodate.


pdfTeX warning: pdflatex.exe (file ./fig/depletion/include/calibrate_QD_shots_0
1_stats-eps-converted-to.pdf): PDF inclusion: found PDF version <1.7>, but at m
ost version <1.5> allowed
<fig/depletion/include/calibrate_QD_shots_01_stats-eps-converted-to.pdf, id=471
, 721.69624pt x 327.2225pt>
File: fig/depletion/include/calibrate_QD_shots_01_stats-eps-converted-to.pdf Gr
aphic file (type pdf)
<use fig/depletion/include/calibrate_QD_shots_01_stats-eps-converted-to.pdf>
Package pdftex.def Info: fig/depletion/include/calibrate_QD_shots_01_stats-eps-
converted-to.pdf  used on input line 206.
(pdftex.def)             Requested size: 433.62pt x 196.60463pt.

LaTeX Warning: Reference `fig:qd-tof1' on page 62 undefined on input line 221.

[62 <./fig/depletion/include/partition_QD_files_profile_overlay_hf-eps-converte
d-to.pdf>]

LaTeX Warning: Citation 'Chang16' on page 63 undefined on input line 229.


Overfull \hbox (18.87445pt too wide) in paragraph at lines 229--230
\OT1/cmr/m/n/12 chirp was adopted be-cause, as de-scribed in [[]], it would min
-i-mize the momentum-
 []

[63 <./fig/depletion/include/calibrate_QD_shots_01_stats-eps-converted-to.pdf>]

LaTeX Warning: Citation 'PitaevskiiStringariBook16' on page 64 undefined on inp
ut line 234.

Package epstopdf Info: Source file: <fig/depletion/include/frac_cal.eps>
(epstopdf)                    date: 2020-03-20 15:36:10
(epstopdf)                    size: 363635 bytes
(epstopdf)             Output file: <fig/depletion/include/frac_cal-eps-convert
ed-to.pdf>
(epstopdf)                    date: 2020-03-20 15:36:28
(epstopdf)                    size: 196595 bytes
(epstopdf)             Command: <epstopdf --outfile=fig/depletion/include/frac_
cal-eps-converted-to.pdf fig/depletion/include/frac_cal.eps>
(epstopdf)             \includegraphics on input line 243.
Package epstopdf Info: Output file is already uptodate.


pdfTeX warning: pdflatex.exe (file ./fig/depletion/include/frac_cal-eps-convert
ed-to.pdf): PDF inclusion: found PDF version <1.7>, but at most version <1.5> a
llowed
<fig/depletion/include/frac_cal-eps-converted-to.pdf, id=493, 586.19pt x 307.14
75pt>
File: fig/depletion/include/frac_cal-eps-converted-to.pdf Graphic file (type pd
f)
<use fig/depletion/include/frac_cal-eps-converted-to.pdf>
Package pdftex.def Info: fig/depletion/include/frac_cal-eps-converted-to.pdf  u
sed on input line 243.
(pdftex.def)             Requested size: 433.62pt x 227.20122pt.
[64] [65 <./fig/depletion/include/frac_cal-eps-converted-to.pdf>]

LaTeX Warning: Citation 'Chang16' on page 66 undefined on input line 274.


LaTeX Warning: Reference `k_profile' on page 66 undefined on input line 275.


LaTeX Warning: Citation 'Clauset09' on page 66 undefined on input line 288.


LaTeX Warning: Citation 'Clauset09' on page 66 undefined on input line 288.


Overfull \hbox (11.03989pt too wide) in paragraph at lines 287--289
\OT1/cmr/m/n/12 Re-li-ably es-ti-mat-ing the pa-ram-e-ters of a power-law dis-t
ri-bu-tion is nontrivial[[]],
 []

[66]

LaTeX Warning: Citation 'Chang16' on page 67 undefined on input line 295.


LaTeX Warning: Citation 'Chang16' on page 67 undefined on input line 295.


Overfull \hbox (18.93556pt too wide) in paragraph at lines 295--296
\OT1/cmr/m/n/12 According to the-o-ret-i-cal pre-dic-tions based on the lo-cal 
den-sity ap-prox-i-ma-tion [[]],
 []


LaTeX Warning: Citation 'Chang16' on page 67 undefined on input line 300.


LaTeX Warning: Citation 'Qu16' on page 67 undefined on input line 300.

[67]) [68]
\openout2 = `latex/32_lattice.aux'.

 (latex/32_lattice.tex
Chapter 6.

Package hyperref Warning: Token not allowed in a PDF string (PDFDocEncoding):
(hyperref)                removing `math shift' on input line 4.


Package hyperref Warning: Token not allowed in a PDF string (PDFDocEncoding):
(hyperref)                removing `\cap' on input line 4.


Package hyperref Warning: Token not allowed in a PDF string (PDFDocEncoding):
(hyperref)                removing `math shift' on input line 4.

[69



] [70] [71] [72]) [73] [74


] [75]
\openout2 = `latex/40_conclusion.aux'.

 (latex/40_conclusion.tex [76

]) [77]
[78


]

LaTeX Warning: Empty bibliography on input line 34.

Package atveryend Info: Empty hook `BeforeClearDocument' on input line 36.
Package atveryend Info: Empty hook `AfterLastShipout' on input line 36.
(drafts/20200623/20200623_version.aux (latex/mtodo.aux)
(latex/01_frontmatter.aux) (latex/11_overview.aux) (latex/12_introduction.aux)
(latex/20_metrology.aux) (latex/21_transitions.aux) (latex/22_tuneout.aux)
(latex/30_manybody.aux) (latex/31_depletion.aux) (latex/32_lattice.aux)
(latex/40_conclusion.aux))
Package atveryend Info: Executing hook `AtVeryEndDocument' on input line 36.
Package atveryend Info: Executing hook `AtEndAfterFileList' on input line 36.


Package rerunfilecheck Warning: File `drafts/20200623/20200623_version.out' has
 changed.
(rerunfilecheck)                Rerun to get outlines right
(rerunfilecheck)                or use package `bookmark'.

Package rerunfilecheck Info: Checksums for `drafts/20200623/20200623_version.ou
t':
(rerunfilecheck)             Before: <no file>
(rerunfilecheck)             After:  7F0400BD9188B19C1361DD8A3FF9691D;4625.

LaTeX Warning: There were undefined references.


LaTeX Warning: Label(s) may have changed. Rerun to get cross-references right.


Package biblatex Warning: Please (re)run Biber on the file:
(biblatex)                drafts/20200623/20200623_version
(biblatex)                and rerun LaTeX afterwards.

Package logreq Info: Writing requests to 'drafts/20200623/20200623_version.run.
xml'.
\openout1 = `drafts/20200623/20200623_version.run.xml'.

Package atveryend Info: Empty hook `AtVeryVeryEnd' on input line 36.
 ) 
Here is how much of TeX's memory you used:
 15316 strings out of 481277
 268556 string characters out of 2906528
 922011 words of memory out of 3000000
 30353 multiletter control sequences out of 15000+200000
 545666 words of font info for 70 fonts, out of 3000000 for 9000
 1141 hyphenation exceptions out of 8191
 56i,13n,66p,2982b,1417s stack positions out of 5000i,500n,10000p,200000b,50000s
 <C:\Users\jaker\AppData\Local\MiKTeX\2.9\fonts/pk/ljfour/jknappen/ec/dpi600\
tcrm1200.pk> <C:\Users\jaker\AppData\Local\MiKTeX\2.9\fonts/pk/ljfour/jknappen/
ec/dpi600\tcrm1000.pk><C:/Users/jaker/AppData/Local/Programs/MiKTeX 2.9/fonts/t
ype1/public/amsfonts/cm/cmbx10.pfb><C:/Users/jaker/AppData/Local/Programs/MiKTe
X 2.9/fonts/type1/public/amsfonts/cm/cmbx12.pfb><C:/Users/jaker/AppData/Local/P
rograms/MiKTeX 2.9/fonts/type1/public/amsfonts/cm/cmbx8.pfb><C:/Users/jaker/App
Data/Local/Programs/MiKTeX 2.9/fonts/type1/public/amsfonts/cm/cmex10.pfb><C:/Us
ers/jaker/AppData/Local/Programs/MiKTeX 2.9/fonts/type1/public/amsfonts/cmextra
/cmex8.pfb><C:/Users/jaker/AppData/Local/Programs/MiKTeX 2.9/fonts/type1/public
/amsfonts/cm/cmmi10.pfb><C:/Users/jaker/AppData/Local/Programs/MiKTeX 2.9/fonts
/type1/public/amsfonts/cm/cmmi12.pfb><C:/Users/jaker/AppData/Local/Programs/MiK
TeX 2.9/fonts/type1/public/amsfonts/cm/cmmi6.pfb><C:/Users/jaker/AppData/Local/
Programs/MiKTeX 2.9/fonts/type1/public/amsfonts/cm/cmmi7.pfb><C:/Users/jaker/Ap
pData/Local/Programs/MiKTeX 2.9/fonts/type1/public/amsfonts/cm/cmmi8.pfb><C:/Us
ers/jaker/AppData/Local/Programs/MiKTeX 2.9/fonts/type1/public/amsfonts/cm/cmr1
0.pfb><C:/Users/jaker/AppData/Local/Programs/MiKTeX 2.9/fonts/type1/public/amsf
onts/cm/cmr12.pfb><C:/Users/jaker/AppData/Local/Programs/MiKTeX 2.9/fonts/type1
/public/amsfonts/cm/cmr17.pfb><C:/Users/jaker/AppData/Local/Programs/MiKTeX 2.9
/fonts/type1/public/amsfonts/cm/cmr6.pfb><C:/Users/jaker/AppData/Local/Programs
/MiKTeX 2.9/fonts/type1/public/amsfonts/cm/cmr7.pfb><C:/Users/jaker/AppData/Loc
al/Programs/MiKTeX 2.9/fonts/type1/public/amsfonts/cm/cmr8.pfb><C:/Users/jaker/
AppData/Local/Programs/MiKTeX 2.9/fonts/type1/public/amsfonts/cm/cmsl10.pfb><C:
/Users/jaker/AppData/Local/Programs/MiKTeX 2.9/fonts/type1/public/amsfonts/cm/c
msy10.pfb><C:/Users/jaker/AppData/Local/Programs/MiKTeX 2.9/fonts/type1/public/
amsfonts/cm/cmsy7.pfb><C:/Users/jaker/AppData/Local/Programs/MiKTeX 2.9/fonts/t
ype1/public/amsfonts/cm/cmsy8.pfb><C:/Users/jaker/AppData/Local/Programs/MiKTeX
 2.9/fonts/type1/public/amsfonts/cm/cmti12.pfb><C:/Users/jaker/AppData/Local/Pr
ograms/MiKTeX 2.9/fonts/type1/public/amsfonts/cm/cmtt10.pfb><C:/Users/jaker/App
Data/Local/Programs/MiKTeX 2.9/fonts/type1/public/amsfonts/cm/cmtt12.pfb>
Output written on drafts/20200623/20200623_version.pdf (90 pages, 2607868 bytes
).
PDF statistics:
 710 PDF objects out of 1000 (max. 8388607)
 223 named destinations out of 1000 (max. 500000)
 61 words of extra memory for PDF output out of 10000 (max. 10000000)

